<?xml version="1.0" encoding="UTF-8"?>
<!-- Generated by org.testng.reporters.JUnitReportReporter -->
<testsuite hostname="DS-000000006173" name="sprint11.US1111_AbilityToViewAndEditFoodOverBaseTargetsManually" tests="1" failures="0" timestamp="8 Oct 2015 12:07:40 GMT" time="108.774" errors="0">
  <testcase name="Sprint11_US1111_TC2034" time="108.774" classname="sprint11.US1111_AbilityToViewAndEditFoodOverBaseTargetsManually"/>
</testsuite> <!-- sprint11.US1111_AbilityToViewAndEditFoodOverBaseTargetsManually -->
