<?xml version="1.0" encoding="UTF-8"?>
<!-- Generated by org.testng.reporters.JUnitReportReporter -->
<testsuite hostname="DS-000000006173" name="sprint10.US1110_AboveStoreUserToChooseTheRestaurantsThatAreValidRestaurantsToTransferToAndFrom" tests="4" failures="0" timestamp="12 Oct 2015 17:24:44 GMT" time="130.471" errors="0">
  <testcase name="sprint10_US1110_TC1851" time="32.851" classname="sprint10.US1110_AboveStoreUserToChooseTheRestaurantsThatAreValidRestaurantsToTransferToAndFrom"/>
  <testcase name="sprint10_US1110_TC1865" time="33.652" classname="sprint10.US1110_AboveStoreUserToChooseTheRestaurantsThatAreValidRestaurantsToTransferToAndFrom"/>
  <testcase name="sprint10_US1110_TC1875" time="35.243" classname="sprint10.US1110_AboveStoreUserToChooseTheRestaurantsThatAreValidRestaurantsToTransferToAndFrom"/>
  <testcase name="sprint10_US1110_TC1874" time="28.725" classname="sprint10.US1110_AboveStoreUserToChooseTheRestaurantsThatAreValidRestaurantsToTransferToAndFrom"/>
</testsuite> <!-- sprint10.US1110_AboveStoreUserToChooseTheRestaurantsThatAreValidRestaurantsToTransferToAndFrom -->
