<?xml version="1.0" encoding="UTF-8"?>
<!-- Generated by org.testng.reporters.JUnitReportReporter -->
<testsuite hostname="DS-000000006173" name="menuItemActivityBundle.US1374_UIUXRetrofitMenuItemActivityInfo" tests="1" failures="0" timestamp="22 Mar 2016 10:32:44 GMT" time="59.444" errors="0">
  <testcase name="menuItemActivity_US1374_TC3796" time="59.444" classname="menuItemActivityBundle.US1374_UIUXRetrofitMenuItemActivityInfo"/>
</testsuite> <!-- menuItemActivityBundle.US1374_UIUXRetrofitMenuItemActivityInfo -->
