<?xml version="1.0" encoding="UTF-8"?>
<!-- Generated by org.testng.reporters.JUnitReportReporter -->
<testsuite hostname="DS-000000006173" name="promotionAndWasteBundle.US1048_WhenUserOpensPageAllDayRollUpsWillStartCollapsed" tests="2" failures="0" timestamp="28 Mar 2016 14:11:30 GMT" time="167.537" errors="0">
  <testcase name="pramotionWaste_US1048_TC1727" time="81.485" classname="promotionAndWasteBundle.US1048_WhenUserOpensPageAllDayRollUpsWillStartCollapsed"/>
  <testcase name="pramotionWaste_US1048_TC2040" time="86.052" classname="promotionAndWasteBundle.US1048_WhenUserOpensPageAllDayRollUpsWillStartCollapsed"/>
</testsuite> <!-- promotionAndWasteBundle.US1048_WhenUserOpensPageAllDayRollUpsWillStartCollapsed -->
