<?xml version="1.0" encoding="UTF-8"?>
<!-- Generated by org.testng.reporters.JUnitReportReporter -->
<testsuite hostname="DS-000000006173" name="sprint2.US179_PostAManualPurchase" tests="3" failures="0" timestamp="12 Oct 2015 17:24:45 GMT" time="216.363" errors="0">
  <testcase name="Sprint2_US179_TC453" time="93.820" classname="sprint2.US179_PostAManualPurchase"/>
  <testcase name="Sprint2_US179_TC530" time="74.444" classname="sprint2.US179_PostAManualPurchase"/>
  <testcase name="Sprint2_US179_TC452" time="48.099" classname="sprint2.US179_PostAManualPurchase"/>
</testsuite> <!-- sprint2.US179_PostAManualPurchase -->
