<?xml version="1.0" encoding="UTF-8"?>
<!-- Generated by org.testng.reporters.JUnitReportReporter -->
<testsuite hostname="DS-000000006173" name="sprint10.US1123_FoodOverBaseLandingPageFunctionality" tests="12" failures="0" timestamp="12 Oct 2015 17:24:44 GMT" time="474.065" errors="0">
  <testcase name="sprint10_US1123_TC1912" time="38.123" classname="sprint10.US1123_FoodOverBaseLandingPageFunctionality"/>
  <testcase name="sprint10_US1123_TC1932" time="35.909" classname="sprint10.US1123_FoodOverBaseLandingPageFunctionality"/>
  <testcase name="sprint10_US1123_TC1955" time="45.861" classname="sprint10.US1123_FoodOverBaseLandingPageFunctionality"/>
  <testcase name="sprint10_US1123_TC1956" time="39.788" classname="sprint10.US1123_FoodOverBaseLandingPageFunctionality"/>
  <testcase name="sprint10_US1123_TC1947" time="37.339" classname="sprint10.US1123_FoodOverBaseLandingPageFunctionality"/>
  <testcase name="sprint10_US1123_TC1954" time="38.329" classname="sprint10.US1123_FoodOverBaseLandingPageFunctionality"/>
  <testcase name="sprint10_US1123_TC1958" time="31.619" classname="sprint10.US1123_FoodOverBaseLandingPageFunctionality"/>
  <testcase name="sprint10_US1123_TC1953" time="47.464" classname="sprint10.US1123_FoodOverBaseLandingPageFunctionality"/>
  <testcase name="sprint10_US1123_TC1957" time="41.977" classname="sprint10.US1123_FoodOverBaseLandingPageFunctionality"/>
  <testcase name="sprint10_US1123_TC1948" time="44.710" classname="sprint10.US1123_FoodOverBaseLandingPageFunctionality"/>
  <testcase name="sprint10_US1123_TC1920" time="32.889" classname="sprint10.US1123_FoodOverBaseLandingPageFunctionality"/>
  <testcase name="sprint10_US1123_TC1918" time="40.057" classname="sprint10.US1123_FoodOverBaseLandingPageFunctionality"/>
</testsuite> <!-- sprint10.US1123_FoodOverBaseLandingPageFunctionality -->
