<?xml version="1.0" encoding="UTF-8"?>
<!-- Generated by org.testng.reporters.JUnitReportReporter -->
<testsuite hostname="DS-000000006173" name="rawItemActivityBundle.US290_RawItemActivity" tests="1" failures="0" timestamp="28 Apr 2016 10:37:26 GMT" time="100.051" errors="0">
  <testcase name="rawItemActivityBundle_US290_TC2235" time="100.051" classname="rawItemActivityBundle.US290_RawItemActivity"/>
</testsuite> <!-- rawItemActivityBundle.US290_RawItemActivity -->
