<?xml version="1.0" encoding="UTF-8"?>
<!-- Generated by org.testng.reporters.JUnitReportReporter -->
<testsuite hostname="DS-000000006173" name="sprint12.US1152_DisplayProductNetSalesDollar" tests="1" failures="0" timestamp="17 Nov 2015 07:00:47 GMT" time="65.489" errors="0">
  <testcase name="Sprint11_US1152_TC2168" time="65.489" classname="sprint12.US1152_DisplayProductNetSalesDollar"/>
</testsuite> <!-- sprint12.US1152_DisplayProductNetSalesDollar -->
