<?xml version="1.0" encoding="UTF-8"?>
<!-- Generated by org.testng.reporters.JUnitReportReporter -->
<testsuite hostname="DS-000000006173" name="sprint5.US611_ListOfRawItemsOnTransferPage" tests="1" failures="0" timestamp="12 Oct 2015 17:24:44 GMT" time="34.106" errors="0">
  <testcase name="Sprint5_US611_TC840" time="34.106" classname="sprint5.US611_ListOfRawItemsOnTransferPage"/>
</testsuite> <!-- sprint5.US611_ListOfRawItemsOnTransferPage -->
