<?xml version="1.0" encoding="UTF-8"?>
<!-- Generated by org.testng.reporters.JUnitReportReporter -->
<testsuite hostname="DS-000000006173" name="sprint2.US58_RawItemInnerPackNameInnerPackAmount" tests="2" failures="0" timestamp="12 Oct 2015 17:24:44 GMT" time="163.690" errors="0">
  <testcase name="sprint2_US58_TC2000" time="42.395" classname="sprint2.US58_RawItemInnerPackNameInnerPackAmount"/>
  <testcase name="sprint2_US58_TC2001" time="121.295" classname="sprint2.US58_RawItemInnerPackNameInnerPackAmount"/>
</testsuite> <!-- sprint2.US58_RawItemInnerPackNameInnerPackAmount -->
