<?xml version="1.0" encoding="UTF-8"?>
<!-- Generated by org.testng.reporters.JUnitReportReporter -->
<testsuite hostname="DS-000000006173" name="sprint8.US899_ManualPurchaseAuditCapabilities" tests="2" failures="0" timestamp="12 Oct 2015 17:24:44 GMT" time="103.063" errors="0">
  <testcase name="Sprint8_US899_TC1532" time="69.450" classname="sprint8.US899_ManualPurchaseAuditCapabilities"/>
  <testcase name="Sprint8_US899_TC1530" time="33.613" classname="sprint8.US899_ManualPurchaseAuditCapabilities"/>
</testsuite> <!-- sprint8.US899_ManualPurchaseAuditCapabilities -->
