<?xml version="1.0" encoding="UTF-8"?>
<!-- Generated by org.testng.reporters.JUnitReportReporter -->
<testsuite hostname="DS-000000006173" name="manualVendorBundle.US672_AbilityToCreateManualPurchaseVendors" tests="3" failures="0" timestamp="31 Mar 2016 08:32:42 GMT" time="189.001" errors="0">
  <testcase name="manualVendor_US672_TC1213" time="65.203" classname="manualVendorBundle.US672_AbilityToCreateManualPurchaseVendors"/>
  <testcase name="manualVendor_US672_TC1220" time="68.529" classname="manualVendorBundle.US672_AbilityToCreateManualPurchaseVendors"/>
  <testcase name="manualVendor_US672_TC1212" time="55.269" classname="manualVendorBundle.US672_AbilityToCreateManualPurchaseVendors"/>
</testsuite> <!-- manualVendorBundle.US672_AbilityToCreateManualPurchaseVendors -->
