<?xml version="1.0" encoding="UTF-8"?>
<!-- Generated by org.testng.reporters.JUnitReportReporter -->
<testsuite hostname="DS-000000006173" name="sprint11.US1204_Level6Access" tests="1" failures="0" timestamp="13 Oct 2015 10:24:37 GMT" time="88.950" errors="0">
  <testcase name="sprint11_US1204_TC2119" time="88.950" classname="sprint11.US1204_Level6Access"/>
</testsuite> <!-- sprint11.US1204_Level6Access -->
