<?xml version="1.0" encoding="UTF-8"?>
<!-- Generated by org.testng.reporters.JUnitReportReporter -->
<testsuite hostname="DS-000000006173" name="sprint5.US529_TransferLandingPage" tests="4" failures="0" timestamp="12 Oct 2015 17:24:44 GMT" time="160.253" errors="0">
  <testcase name="Sprint5_US529_TC877" time="40.304" classname="sprint5.US529_TransferLandingPage"/>
  <testcase name="Sprint5_US529_TC798" time="40.618" classname="sprint5.US529_TransferLandingPage"/>
  <testcase name="Sprint5_US529_TC876" time="42.158" classname="sprint5.US529_TransferLandingPage"/>
  <testcase name="Sprint5_US529_TC799" time="37.173" classname="sprint5.US529_TransferLandingPage"/>
</testsuite> <!-- sprint5.US529_TransferLandingPage -->
