<?xml version="1.0" encoding="UTF-8"?>
<!-- Generated by org.testng.reporters.JUnitReportReporter -->
<testsuite hostname="DS-000000006173" name="purchasesBundle.US579_UpdateCasePriceForManualPurchaseRawItemsOnTheManualPurchasePage" tests="1" failures="0" timestamp="12 Apr 2016 10:09:54 GMT" time="129.593" errors="0">
  <testcase name="purchaseBundle_US579_TC3588" time="129.593" classname="purchasesBundle.US579_UpdateCasePriceForManualPurchaseRawItemsOnTheManualPurchasePage"/>
</testsuite> <!-- purchasesBundle.US579_UpdateCasePriceForManualPurchaseRawItemsOnTheManualPurchasePage -->
