<?xml version="1.0" encoding="UTF-8"?>
<!-- Generated by org.testng.reporters.JUnitReportReporter -->
<testsuite hostname="DS-000000006173" name="manualVendorBundle.US826_AbilityToDeleteAManualPurchaseVendor" tests="3" failures="0" timestamp="12 Feb 2016 12:43:04 GMT" time="389.835" errors="0">
  <testcase name="manualVendor_US826_TC1553" time="110.750" classname="manualVendorBundle.US826_AbilityToDeleteAManualPurchaseVendor"/>
  <testcase name="manualVendor_US826_TC2841" time="139.400" classname="manualVendorBundle.US826_AbilityToDeleteAManualPurchaseVendor"/>
  <testcase name="manualVendor_US826_TC1552" time="139.685" classname="manualVendorBundle.US826_AbilityToDeleteAManualPurchaseVendor"/>
</testsuite> <!-- manualVendorBundle.US826_AbilityToDeleteAManualPurchaseVendor -->
