<?xml version="1.0" encoding="UTF-8"?>
<!-- Generated by org.testng.reporters.JUnitReportReporter -->
<testsuite hostname="DS-000000006173" name="sprint2.US345_GenerateMonthlyBillLedgerSpreadsheet" tests="5" failures="0" timestamp="12 Oct 2015 17:24:45 GMT" time="234.565" errors="0">
  <testcase name="Sprint2_US345_TC532" time="43.078" classname="sprint2.US345_GenerateMonthlyBillLedgerSpreadsheet"/>
  <testcase name="Sprint2_US345_TC535" time="58.960" classname="sprint2.US345_GenerateMonthlyBillLedgerSpreadsheet"/>
  <testcase name="Sprint2_US345_TC533" time="56.033" classname="sprint2.US345_GenerateMonthlyBillLedgerSpreadsheet"/>
  <testcase name="Sprint2_US345_TC536" time="36.826" classname="sprint2.US345_GenerateMonthlyBillLedgerSpreadsheet"/>
  <testcase name="Sprint2_US345_TC534" time="39.668" classname="sprint2.US345_GenerateMonthlyBillLedgerSpreadsheet"/>
</testsuite> <!-- sprint2.US345_GenerateMonthlyBillLedgerSpreadsheet -->
