<?xml version="1.0" encoding="UTF-8"?>
<!-- Generated by org.testng.reporters.JUnitReportReporter -->
<testsuite hostname="DS-000000006173" name="sprint6.US579_UpdateCasePriceForManualPurchaseRawItemsOnTheManualPurchasePage" tests="3" failures="0" timestamp="12 Oct 2015 17:24:44 GMT" time="120.609" errors="0">
  <testcase name="Sprint6_US579_TC1309" time="40.590" classname="sprint6.US579_UpdateCasePriceForManualPurchaseRawItemsOnTheManualPurchasePage"/>
  <testcase name="Sprint6_US579_TC1243" time="45.395" classname="sprint6.US579_UpdateCasePriceForManualPurchaseRawItemsOnTheManualPurchasePage"/>
  <testcase name="Sprint6_US579_TC1279" time="34.624" classname="sprint6.US579_UpdateCasePriceForManualPurchaseRawItemsOnTheManualPurchasePage"/>
</testsuite> <!-- sprint6.US579_UpdateCasePriceForManualPurchaseRawItemsOnTheManualPurchasePage -->
