<?xml version="1.0" encoding="UTF-8"?>
<!-- Generated by org.testng.reporters.JUnitReportReporter -->
<testsuite hostname="DS-000000006173" name="sprint11.US964_SelectValidStoreNumbersFromTheTransferPageDetailsValidation" tests="1" failures="0" timestamp="5 Oct 2015 09:36:11 GMT" time="165.851" errors="0">
  <testcase name="Sprint11_US964_TC1936" time="165.851" classname="sprint11.US964_SelectValidStoreNumbersFromTheTransferPageDetailsValidation"/>
</testsuite> <!-- sprint11.US964_SelectValidStoreNumbersFromTheTransferPageDetailsValidation -->
