<?xml version="1.0" encoding="UTF-8"?>
<!-- Generated by org.testng.reporters.JUnitReportReporter -->
<testsuite hostname="DS-000000006173" name="sprint2.US63_RawItemUOMLookupTable" tests="1" failures="0" timestamp="12 Oct 2015 17:24:44 GMT" time="179.153" errors="0">
  <testcase name="sprint2_US63_TC1975" time="179.153" classname="sprint2.US63_RawItemUOMLookupTable"/>
</testsuite> <!-- sprint2.US63_RawItemUOMLookupTable -->
