<?xml version="1.0" encoding="UTF-8"?>
<!-- Generated by org.testng.reporters.JUnitReportReporter -->
<testsuite hostname="DS-000000006173" name="sprint2.US400_ListOfRawItemsOnTheManualPurchasePage" tests="2" failures="0" timestamp="12 Oct 2015 17:24:44 GMT" time="133.918" errors="0">
  <testcase name="Sprint2_US400_TC518" time="71.539" classname="sprint2.US400_ListOfRawItemsOnTheManualPurchasePage"/>
  <testcase name="Sprint2_US400_TC519" time="62.379" classname="sprint2.US400_ListOfRawItemsOnTheManualPurchasePage"/>
</testsuite> <!-- sprint2.US400_ListOfRawItemsOnTheManualPurchasePage -->
