<?xml version="1.0" encoding="UTF-8"?>
<!-- Generated by org.testng.reporters.JUnitReportReporter -->
<testsuite hostname="DS-000000006173" name="sprint3.US14_PhysicalInventorySaveInventoryCount" tests="4" failures="0" timestamp="12 Oct 2015 17:24:44 GMT" time="440.111" errors="0">
  <testcase name="Sprint3_US14_TC2006" time="76.716" classname="sprint3.US14_PhysicalInventorySaveInventoryCount"/>
  <testcase name="Sprint3_US14_TC2007" time="86.358" classname="sprint3.US14_PhysicalInventorySaveInventoryCount"/>
  <testcase name="Sprint3_US14_TC2005" time="182.073" classname="sprint3.US14_PhysicalInventorySaveInventoryCount"/>
  <testcase name="Sprint3_US14_TC2004" time="94.964" classname="sprint3.US14_PhysicalInventorySaveInventoryCount"/>
</testsuite> <!-- sprint3.US14_PhysicalInventorySaveInventoryCount -->
