<?xml version="1.0" encoding="UTF-8"?>
<!-- Generated by org.testng.reporters.JUnitReportReporter -->
<testsuite hostname="DS-000000006173" name="Test.US345_GenerateMonthlyBillLedgerSpreadsheet" tests="9" failures="0" timestamp="7 May 2015 12:14:39 GMT" time="306.180" errors="0">
  <testcase name="Sprint2_US345_TC534" time="30.773" classname="Test.US345_GenerateMonthlyBillLedgerSpreadsheet"/>
  <testcase name="Sprint2_US345_TC532" time="42.565" classname="Test.US345_GenerateMonthlyBillLedgerSpreadsheet"/>
  <testcase name="Sprint2_US345_TC533" time="66.086" classname="Test.US345_GenerateMonthlyBillLedgerSpreadsheet"/>
  <testcase name="Sprint2_US345_TC534" time="38.641" classname="Test.US345_GenerateMonthlyBillLedgerSpreadsheet"/>
  <testcase name="Sprint2_US345_TC533" time="30.221" classname="Test.US345_GenerateMonthlyBillLedgerSpreadsheet"/>
  <testcase name="Sprint2_US345_TC532" time="12.645" classname="Test.US345_GenerateMonthlyBillLedgerSpreadsheet"/>
  <testcase name="Sprint2_US345_TC534" time="16.968" classname="Test.US345_GenerateMonthlyBillLedgerSpreadsheet"/>
  <testcase name="Sprint2_US345_TC532" time="25.254" classname="Test.US345_GenerateMonthlyBillLedgerSpreadsheet"/>
  <testcase name="Sprint2_US345_TC533" time="43.027" classname="Test.US345_GenerateMonthlyBillLedgerSpreadsheet"/>
</testsuite> <!-- Test.US345_GenerateMonthlyBillLedgerSpreadsheet -->
