<?xml version="1.0" encoding="UTF-8"?>
<!-- Generated by org.testng.reporters.JUnitReportReporter -->
<testsuite hostname="DS-000000006173" name="promotionAndWasteBundle.US1437_CreateAutSaveBehaviour" tests="1" failures="0" timestamp="25 Feb 2016 06:38:21 GMT" time="153.275" errors="0">
  <testcase name="pramotionWaste_US1437_TC3226" time="153.275" classname="promotionAndWasteBundle.US1437_CreateAutSaveBehaviour"/>
</testsuite> <!-- promotionAndWasteBundle.US1437_CreateAutSaveBehaviour -->
