<?xml version="1.0" encoding="UTF-8"?>
<!-- Generated by org.testng.reporters.JUnitReportReporter -->
<testsuite hostname="DS-000000006173" name="promotionAndWasteBundle.US1911_PromotionsWasteBundleUserRoleAccess" tests="1" failures="0" timestamp="29 Mar 2016 12:43:05 GMT" time="88.951" errors="0">
  <testcase name="pramotionWaste_US1911_TC3210_orgAdmin" time="88.951" classname="promotionAndWasteBundle.US1911_PromotionsWasteBundleUserRoleAccess"/>
</testsuite> <!-- promotionAndWasteBundle.US1911_PromotionsWasteBundleUserRoleAccess -->
