<?xml version="1.0" encoding="UTF-8"?>
<!-- Generated by org.testng.reporters.JUnitReportReporter -->
<testsuite hostname="DS-000000006173" name="sprint8.US733_SelectValidStoreNumbersFromTransferPage" tests="2" failures="0" timestamp="12 Oct 2015 17:24:45 GMT" time="71.932" errors="0">
  <testcase name="sprint8_US733_TC1560" time="29.709" classname="sprint8.US733_SelectValidStoreNumbersFromTransferPage"/>
  <testcase name="sprint8_US733_TC1558" time="42.223" classname="sprint8.US733_SelectValidStoreNumbersFromTransferPage"/>
</testsuite> <!-- sprint8.US733_SelectValidStoreNumbersFromTransferPage -->
