<?xml version="1.0" encoding="UTF-8"?>
<!-- Generated by org.testng.reporters.JUnitReportReporter -->
<testsuite hostname="DS-000000006173" name="sprint9.US1048_RawWastePromoLandingPage" tests="1" failures="0" timestamp="12 Oct 2015 17:24:45 GMT" time="43.621" errors="0">
  <testcase name="sprint9_US1048_TC1727" time="43.621" classname="sprint9.US1048_RawWastePromoLandingPage"/>
</testsuite> <!-- sprint9.US1048_RawWastePromoLandingPage -->
