<?xml version="1.0" encoding="UTF-8"?>
<!-- Generated by org.testng.reporters.JUnitReportReporter -->
<testsuite hostname="DS-000000006173" name="sprint3.US79_PhysicalInventoryAuditTrail" tests="2" failures="0" timestamp="12 Oct 2015 17:24:44 GMT" time="113.441" errors="0">
  <testcase name="sprint3_US79_TC1985" time="37.228" classname="sprint3.US79_PhysicalInventoryAuditTrail"/>
  <testcase name="sprint3_US79_TC1987" time="76.213" classname="sprint3.US79_PhysicalInventoryAuditTrail"/>
</testsuite> <!-- sprint3.US79_PhysicalInventoryAuditTrail -->
