<?xml version="1.0" encoding="UTF-8"?>
<!-- Generated by org.testng.reporters.JUnitReportReporter -->
<testsuite hostname="DS-000000006173" name="sprint2.US374_EnterRawPromo" tests="2" failures="0" timestamp="12 May 2015 10:52:29 GMT" time="179.219" errors="0">
  <testcase name="Sprint2_US374_TC489" time="106.790" classname="sprint2.US374_EnterRawPromo"/>
  <testcase name="Sprint2_US374_TC490" time="72.429" classname="sprint2.US374_EnterRawPromo"/>
</testsuite> <!-- sprint2.US374_EnterRawPromo -->
