<?xml version="1.0" encoding="UTF-8"?>
<!-- Generated by org.testng.reporters.JUnitReportReporter -->
<testsuite hostname="DS-000000006173" name="sprint6.US477_ManualPurchase_A" tests="1" failures="0" timestamp="29 Jun 2015 09:50:08 GMT" time="104.012" errors="0">
  <testcase name="Sprint6_US477_TC1312" time="104.012" classname="sprint6.US477_ManualPurchase_A"/>
</testsuite> <!-- sprint6.US477_ManualPurchase_A -->
