<?xml version="1.0" encoding="UTF-8"?>
<!-- Generated by org.testng.reporters.JUnitReportReporter -->
<testsuite hostname="DS-000000006173" name="sprint6.US459_GroupWRINsByWRINPrefixOnThePhysicalInventoryPageAndPrintableInventorySheet_A" tests="1" failures="0" timestamp="25 Jun 2015 12:23:10 GMT" time="252.448" errors="0">
  <testcase name="Sprint6_US459_TC1245" time="252.448" classname="sprint6.US459_GroupWRINsByWRINPrefixOnThePhysicalInventoryPageAndPrintableInventorySheet_A"/>
</testsuite> <!-- sprint6.US459_GroupWRINsByWRINPrefixOnThePhysicalInventoryPageAndPrintableInventorySheet_A -->
