<?xml version="1.0" encoding="UTF-8"?>
<!-- Generated by org.testng.reporters.JUnitReportReporter -->
<testsuite hostname="DS-000000006173" name="purchasesBundle.US478_Part2BillLedger" tests="1" failures="0" timestamp="13 Apr 2016 11:01:53 GMT" time="188.123" errors="0">
  <testcase name="purchaseBundle_US478_TC1274" time="188.123" classname="purchasesBundle.US478_Part2BillLedger"/>
</testsuite> <!-- purchasesBundle.US478_Part2BillLedger -->
