<?xml version="1.0" encoding="UTF-8"?>
<!-- Generated by org.testng.reporters.JUnitReportReporter -->
<testsuite hostname="DS-000000006173" name="purchasesBundle.US1221_SystemShouldPreventDeletingVendorWithPendingInvoices" tests="1" failures="0" timestamp="18 Apr 2016 12:12:45 GMT" time="156.127" errors="0">
  <testcase name="purchaseBundle_US1221_TC1996" time="156.127" classname="purchasesBundle.US1221_SystemShouldPreventDeletingVendorWithPendingInvoices"/>
</testsuite> <!-- purchasesBundle.US1221_SystemShouldPreventDeletingVendorWithPendingInvoices -->
