<?xml version="1.0" encoding="UTF-8"?>
<!-- Generated by org.testng.reporters.JUnitReportReporter -->
<testsuite hostname="DS-000000006173" name="sprint6.US405_EditRawItemInformationAndManualPurchaseRawItems" tests="5" failures="0" timestamp="12 Oct 2015 17:24:44 GMT" time="286.555" errors="0">
  <testcase name="Sprint6_US405_TC1251" time="52.979" classname="sprint6.US405_EditRawItemInformationAndManualPurchaseRawItems"/>
  <testcase name="Sprint6_US405_TC1314" time="56.976" classname="sprint6.US405_EditRawItemInformationAndManualPurchaseRawItems"/>
  <testcase name="Sprint6_US405_TC1249" time="46.965" classname="sprint6.US405_EditRawItemInformationAndManualPurchaseRawItems"/>
  <testcase name="Sprint6_US405_TC1210" time="58.097" classname="sprint6.US405_EditRawItemInformationAndManualPurchaseRawItems"/>
  <testcase name="Sprint6_US405_TC1250" time="71.538" classname="sprint6.US405_EditRawItemInformationAndManualPurchaseRawItems"/>
</testsuite> <!-- sprint6.US405_EditRawItemInformationAndManualPurchaseRawItems -->
