<?xml version="1.0" encoding="UTF-8"?>
<!-- Generated by org.testng.reporters.JUnitReportReporter -->
<testsuite hostname="DS-000000006173" name="sprint9.US916_ViewAndPrintStatVariance" tests="1" failures="0" timestamp="12 Oct 2015 17:24:44 GMT" time="37.332" errors="0">
  <testcase name="sprint9_US916_TC1706" time="37.332" classname="sprint9.US916_ViewAndPrintStatVariance"/>
</testsuite> <!-- sprint9.US916_ViewAndPrintStatVariance -->
