<?xml version="1.0" encoding="UTF-8"?>
<!-- Generated by org.testng.reporters.JUnitReportReporter -->
<testsuite hostname="DS-000000006173" name="sprint2.US359_PostAnElectronicInvoice" tests="1" failures="0" timestamp="12 Oct 2015 17:24:44 GMT" time="45.164" errors="0">
  <testcase name="Sprint2_US359_TC539" time="45.164" classname="sprint2.US359_PostAnElectronicInvoice"/>
</testsuite> <!-- sprint2.US359_PostAnElectronicInvoice -->
