<?xml version="1.0" encoding="UTF-8"?>
<!-- Generated by org.testng.reporters.JUnitReportReporter -->
<testsuite hostname="DS-000000006173" name="purchasesBundle.US759_Storeledger" tests="1" failures="0" timestamp="18 Apr 2016 06:55:46 GMT" time="264.909" errors="0">
  <testcase name="purchaseBundle_US759_TC3469" time="264.909" classname="purchasesBundle.US759_Storeledger"/>
</testsuite> <!-- purchasesBundle.US759_Storeledger -->
