<?xml version="1.0" encoding="UTF-8"?>
<!-- Generated by org.testng.reporters.JUnitReportReporter -->
<testsuite hostname="DS-000000006173" name="sprint6.US461_ShowProductCategoryDollerAmountsOnAnElectronicInvoiceAndOnManualPurchaseDetailpage_A" tests="1" failures="0" timestamp="29 Jun 2015 07:46:34 GMT" time="64.862" errors="0">
  <testcase name="Sprint6_US405_TC1269" time="64.862" classname="sprint6.US461_ShowProductCategoryDollerAmountsOnAnElectronicInvoiceAndOnManualPurchaseDetailpage_A"/>
</testsuite> <!-- sprint6.US461_ShowProductCategoryDollerAmountsOnAnElectronicInvoiceAndOnManualPurchaseDetailpage_A -->
