<?xml version="1.0" encoding="UTF-8"?>
<!-- Generated by org.testng.reporters.JUnitReportReporter -->
<testsuite hostname="DS-000000006173" name="sprint7.US367_EnterRawWaste" tests="1" failures="0" timestamp="19 Oct 2015 09:54:35 GMT" time="482.189" errors="0">
  <testcase name="Sprint7_US367_TC1746" time="482.189" classname="sprint7.US367_EnterRawWaste"/>
</testsuite> <!-- sprint7.US367_EnterRawWaste -->
