<?xml version="1.0" encoding="UTF-8"?>
<!-- Generated by org.testng.reporters.JUnitReportReporter -->
<testsuite hostname="DS-000000006173" name="Test.US179_PostAManualPurchase" tests="9" failures="0" timestamp="7 May 2015 12:14:39 GMT" time="431.446" errors="0">
  <testcase name="Sprint2_US179_TC453" time="97.597" classname="Test.US179_PostAManualPurchase"/>
  <testcase name="Sprint2_US179_TC530" time="26.935" classname="Test.US179_PostAManualPurchase"/>
  <testcase name="Sprint2_US179_TC452" time="36.433" classname="Test.US179_PostAManualPurchase"/>
  <testcase name="Sprint2_US179_TC452" time="23.060" classname="Test.US179_PostAManualPurchase"/>
  <testcase name="Sprint2_US179_TC452" time="23.207" classname="Test.US179_PostAManualPurchase"/>
  <testcase name="Sprint2_US179_TC530" time="19.487" classname="Test.US179_PostAManualPurchase"/>
  <testcase name="Sprint2_US179_TC530" time="29.394" classname="Test.US179_PostAManualPurchase"/>
  <testcase name="Sprint2_US179_TC453" time="101.513" classname="Test.US179_PostAManualPurchase"/>
  <testcase name="Sprint2_US179_TC453" time="73.820" classname="Test.US179_PostAManualPurchase"/>
</testsuite> <!-- Test.US179_PostAManualPurchase -->
