<?xml version="1.0" encoding="UTF-8"?>
<!-- Generated by org.testng.reporters.JUnitReportReporter -->
<testsuite hostname="DS-000000006173" name="sprint2.US8_PhysicalInventoryListOfRawItems" tests="2" failures="0" timestamp="12 Oct 2015 17:24:45 GMT" time="302.626" errors="0">
  <testcase name="sprint2_US8_TC1824" time="171.219" classname="sprint2.US8_PhysicalInventoryListOfRawItems"/>
  <testcase name="sprint2_US8_TC1825" time="131.407" classname="sprint2.US8_PhysicalInventoryListOfRawItems"/>
</testsuite> <!-- sprint2.US8_PhysicalInventoryListOfRawItems -->
