<?xml version="1.0" encoding="UTF-8"?>
<!-- Generated by org.testng.reporters.JUnitReportReporter -->
<testsuite hostname="DS-000000006173" name="sprint7.US764_AbilityToInitiateAndSubmitTransferForOffice" tests="1" failures="0" timestamp="20 Oct 2015 10:38:40 GMT" time="105.867" errors="0">
  <testcase name="Sprint7_US764_TC1417" time="105.867" classname="sprint7.US764_AbilityToInitiateAndSubmitTransferForOffice"/>
</testsuite> <!-- sprint7.US764_AbilityToInitiateAndSubmitTransferForOffice -->
