<?xml version="1.0" encoding="UTF-8"?>
<!-- Generated by org.testng.reporters.JUnitReportReporter -->
<testsuite hostname="DS-000000006173" name="sprint6.US460_SearchOnThePhysicalInventoryPageToShowSearchResultsForTheEntireListOfWRINs_A" tests="1" failures="0" timestamp="29 Jun 2015 10:32:13 GMT" time="97.857" errors="0">
  <testcase name="Sprint6_US460_TC1253" time="97.857" classname="sprint6.US460_SearchOnThePhysicalInventoryPageToShowSearchResultsForTheEntireListOfWRINs_A"/>
</testsuite> <!-- sprint6.US460_SearchOnThePhysicalInventoryPageToShowSearchResultsForTheEntireListOfWRINs_A -->
