<?xml version="1.0" encoding="UTF-8"?>
<!-- Generated by org.testng.reporters.JUnitReportReporter -->
<testsuite hostname="DS-000000006173" name="sprint6.US405_EditRawItemInformationAndManualPurchaseRawItems_A" tests="1" failures="0" timestamp="25 Jun 2015 12:03:03 GMT" time="113.115" errors="0">
  <testcase name="Sprint6_US405_TC1314" time="113.115" classname="sprint6.US405_EditRawItemInformationAndManualPurchaseRawItems_A"/>
</testsuite> <!-- sprint6.US405_EditRawItemInformationAndManualPurchaseRawItems_A -->
