<?xml version="1.0" encoding="UTF-8"?>
<!-- Generated by org.testng.reporters.JUnitReportReporter -->
<testsuite hostname="DS-000000006173" name="sprint15.US1205_SupervisorAccess" tests="1" failures="0" timestamp="4 Feb 2016 11:13:03 GMT" time="83.549" errors="0">
  <testcase name="sprint15_US1205_TC2569" time="83.549" classname="sprint15.US1205_SupervisorAccess"/>
</testsuite> <!-- sprint15.US1205_SupervisorAccess -->
