<?xml version="1.0" encoding="UTF-8"?>
<!-- Generated by org.testng.reporters.JUnitReportReporter -->
<testsuite hostname="DS-000000006173" name="Test.US178_EnterAManualPurachase" tests="2" failures="0" timestamp="7 May 2015 12:51:16 GMT" time="44.048" errors="0">
  <testcase name="Sprint2_US178_TC393" time="15.321" classname="Test.US178_EnterAManualPurachase"/>
  <testcase name="Sprint2_US178_TC397" time="28.727" classname="Test.US178_EnterAManualPurachase"/>
</testsuite> <!-- Test.US178_EnterAManualPurachase -->
