<?xml version="1.0" encoding="UTF-8"?>
<!-- Generated by org.testng.reporters.JUnitReportReporter -->
<testsuite hostname="DS-000000006173" name="sprint2.US189_PurchasesLandingPage" tests="5" failures="0" timestamp="12 Oct 2015 17:24:44 GMT" time="254.964" errors="0">
  <testcase name="Sprint2_US189_TC474" time="45.550" classname="sprint2.US189_PurchasesLandingPage"/>
  <testcase name="Sprint2_US189_TC473" time="41.750" classname="sprint2.US189_PurchasesLandingPage"/>
  <testcase name="Sprint2_US189_TC471" time="53.501" classname="sprint2.US189_PurchasesLandingPage"/>
  <testcase name="Sprint2_US189_TC469" time="45.147" classname="sprint2.US189_PurchasesLandingPage"/>
  <testcase name="Sprint2_US189_TC475" time="69.016" classname="sprint2.US189_PurchasesLandingPage"/>
</testsuite> <!-- sprint2.US189_PurchasesLandingPage -->
