<?xml version="1.0" encoding="UTF-8"?>
<!-- Generated by org.testng.reporters.JUnitReportReporter -->
<testsuite hostname="DS-000000006173" name="sprint12.US1145_DisplayRawWastePercentageAndDoller" tests="1" failures="0" timestamp="17 Nov 2015 06:43:11 GMT" time="119.034" errors="0">
  <testcase name="Sprint11_US1145_TC2180" time="119.034" classname="sprint12.US1145_DisplayRawWastePercentageAndDoller"/>
</testsuite> <!-- sprint12.US1145_DisplayRawWastePercentageAndDoller -->
