<?xml version="1.0" encoding="UTF-8"?>
<!-- Generated by org.testng.reporters.JUnitReportReporter -->
<testsuite hostname="DS-000000006173" name="sprint10.US1055_AbilityToSeTheTransferAlertLimitAmount" tests="7" failures="0" timestamp="12 Oct 2015 17:24:44 GMT" time="288.146" errors="0">
  <testcase name="sprint10_US1055_TC1810" time="34.930" classname="sprint10.US1055_AbilityToSeTheTransferAlertLimitAmount"/>
  <testcase name="sprint10_US1055_TC1812" time="46.468" classname="sprint10.US1055_AbilityToSeTheTransferAlertLimitAmount"/>
  <testcase name="sprint10_US1055_TC1814" time="41.923" classname="sprint10.US1055_AbilityToSeTheTransferAlertLimitAmount"/>
  <testcase name="sprint10_US1055_TC1807" time="35.743" classname="sprint10.US1055_AbilityToSeTheTransferAlertLimitAmount"/>
  <testcase name="sprint10_US1055_TC1811" time="46.713" classname="sprint10.US1055_AbilityToSeTheTransferAlertLimitAmount"/>
  <testcase name="sprint10_US1055_TC1905" time="40.014" classname="sprint10.US1055_AbilityToSeTheTransferAlertLimitAmount"/>
  <testcase name="sprint10_US1055_TC1903" time="42.355" classname="sprint10.US1055_AbilityToSeTheTransferAlertLimitAmount"/>
</testsuite> <!-- sprint10.US1055_AbilityToSeTheTransferAlertLimitAmount -->
