<?xml version="1.0" encoding="UTF-8"?>
<!-- Generated by org.testng.reporters.JUnitReportReporter -->
<testsuite hostname="DS-000000006173" name="sprint8.US898_MenuItemInformationRefineThePageAndAttributeFields" tests="1" failures="0" timestamp="12 Oct 2015 17:24:44 GMT" time="57.504" errors="0">
  <testcase name="Sprint8_US898_TC1536" time="57.504" classname="sprint8.US898_MenuItemInformationRefineThePageAndAttributeFields"/>
</testsuite> <!-- sprint8.US898_MenuItemInformationRefineThePageAndAttributeFields -->
