<?xml version="1.0" encoding="UTF-8"?>
<!-- Generated by org.testng.reporters.JUnitReportReporter -->
<testsuite hostname="DS-000000006173" name="sprint5.US610_MaintainenceLandingPage" tests="2" failures="0" timestamp="12 Oct 2015 17:24:44 GMT" time="85.714" errors="0">
  <testcase name="Sprint5_US610_TC772" time="38.483" classname="sprint5.US610_MaintainenceLandingPage"/>
  <testcase name="Sprint5_US610_TC773" time="47.231" classname="sprint5.US610_MaintainenceLandingPage"/>
</testsuite> <!-- sprint5.US610_MaintainenceLandingPage -->
