<?xml version="1.0" encoding="UTF-8"?>
<!-- Generated by org.testng.reporters.JUnitReportReporter -->
<testsuite hostname="DS-000000006173" name="sprint7.US759_StoreLedgerPart3" tests="1" failures="0" timestamp="20 Oct 2015 09:44:35 GMT" time="108.289" errors="0">
  <testcase name="Sprint7_US759_TC1549" time="108.289" classname="sprint7.US759_StoreLedgerPart3"/>
</testsuite> <!-- sprint7.US759_StoreLedgerPart3 -->
