<?xml version="1.0" encoding="UTF-8"?>
<!-- Generated by org.testng.reporters.JUnitReportReporter -->
<testsuite hostname="DS-000000006173" name="sprint12.US1388_ViewAndPostAnAdjustment" tests="1" failures="0" timestamp="28 Oct 2015 07:29:40 GMT" time="78.994" errors="0">
  <testcase name="sprint12_US1388_TC2275" time="78.994" classname="sprint12.US1388_ViewAndPostAnAdjustment"/>
</testsuite> <!-- sprint12.US1388_ViewAndPostAnAdjustment -->
