<?xml version="1.0" encoding="UTF-8"?>
<!-- Generated by org.testng.reporters.JUnitReportReporter -->
<testsuite hostname="DS-000000006173" name="sprint15.US1206_SupervisorWithRoleAssignmentAccess" tests="1" failures="0" timestamp="8 Jan 2016 10:37:09 GMT" time="102.365" errors="0">
  <testcase name="sprint15_US1206_TC2605" time="102.365" classname="sprint15.US1206_SupervisorWithRoleAssignmentAccess"/>
</testsuite> <!-- sprint15.US1206_SupervisorWithRoleAssignmentAccess -->
