<?xml version="1.0" encoding="UTF-8"?>
<!-- Generated by org.testng.reporters.JUnitReportReporter -->
<testsuite hostname="DS-000000006173" name="sprint2.US9_PhysicalInventoryRawItemWRIN" tests="5" failures="0" timestamp="12 Oct 2015 17:24:44 GMT" time="749.262" errors="0">
  <testcase name="sprint2_US9_TC1836" time="233.800" classname="sprint2.US9_PhysicalInventoryRawItemWRIN"/>
  <testcase name="sprint2_US9_TC1837" time="168.853" classname="sprint2.US9_PhysicalInventoryRawItemWRIN"/>
  <testcase name="sprint2_US9_TC1827" time="171.685" classname="sprint2.US9_PhysicalInventoryRawItemWRIN"/>
  <testcase name="sprint2_US9_TC1835" time="50.655" classname="sprint2.US9_PhysicalInventoryRawItemWRIN"/>
  <testcase name="sprint2_US9_TC1826" time="124.269" classname="sprint2.US9_PhysicalInventoryRawItemWRIN"/>
</testsuite> <!-- sprint2.US9_PhysicalInventoryRawItemWRIN -->
