<?xml version="1.0" encoding="UTF-8"?>
<!-- Generated by org.testng.reporters.JUnitReportReporter -->
<testsuite hostname="DS-000000006173" name="sprint3.US13_PhysicalInventoryManuallyEnterInventoryCount" tests="2" failures="0" timestamp="12 Oct 2015 17:24:45 GMT" time="551.877" errors="0">
  <testcase name="sprint3_US13_TC2060" time="442.960" classname="sprint3.US13_PhysicalInventoryManuallyEnterInventoryCount"/>
  <testcase name="sprint3_US13_TC2061" time="108.917" classname="sprint3.US13_PhysicalInventoryManuallyEnterInventoryCount"/>
</testsuite> <!-- sprint3.US13_PhysicalInventoryManuallyEnterInventoryCount -->
