<?xml version="1.0" encoding="UTF-8"?>
<!-- Generated by org.testng.reporters.JUnitReportReporter -->
<testsuite hostname="DS-000000006173" name="sprint7.US671_MenuItemMaintenanceDropdownOptions" tests="1" failures="0" timestamp="20 Oct 2015 07:09:55 GMT" time="103.425" errors="0">
  <testcase name="Sprint7_US671_TC1450" time="103.425" classname="sprint7.US671_MenuItemMaintenanceDropdownOptions"/>
</testsuite> <!-- sprint7.US671_MenuItemMaintenanceDropdownOptions -->
