<?xml version="1.0" encoding="UTF-8"?>
<!-- Generated by org.testng.reporters.JUnitReportReporter -->
<testsuite hostname="DS-000000006173" name="sprint14.US1200_Level2Access" tests="2" failures="0" timestamp="25 Jan 2016 10:56:36 GMT" time="286.316" errors="0">
  <testcase name="sprint14_US1200_TC2537" time="142.884" classname="sprint14.US1200_Level2Access"/>
  <testcase name="sprint14_US1200_TC2536" time="143.432" classname="sprint14.US1200_Level2Access"/>
</testsuite> <!-- sprint14.US1200_Level2Access -->
