<?xml version="1.0" encoding="UTF-8"?>
<!-- Generated by org.testng.reporters.JUnitReportReporter -->
<testsuite hostname="DS-000000006173" name="sprint2.US10_PhysicalInventoryRawItemLongDescription" tests="2" failures="0" timestamp="12 Oct 2015 17:24:44 GMT" time="345.920" errors="0">
  <testcase name="sprint2_US10_TC1971" time="97.801" classname="sprint2.US10_PhysicalInventoryRawItemLongDescription"/>
  <testcase name="sprint2_US10_TC1973" time="248.119" classname="sprint2.US10_PhysicalInventoryRawItemLongDescription"/>
</testsuite> <!-- sprint2.US10_PhysicalInventoryRawItemLongDescription -->
