<?xml version="1.0" encoding="UTF-8"?>
<!-- Generated by org.testng.reporters.JUnitReportReporter -->
<testsuite hostname="DS-000000006173" name="sprint2.US186_EditManualPurchase" tests="9" failures="0" timestamp="12 Oct 2015 17:24:44 GMT" time="599.886" errors="0">
  <testcase name="Sprint2_US186_TC1540" time="79.366" classname="sprint2.US186_EditManualPurchase"/>
  <testcase name="Sprint2_US186_TC1544" time="69.981" classname="sprint2.US186_EditManualPurchase"/>
  <testcase name="Sprint2_US186_TC1546" time="72.369" classname="sprint2.US186_EditManualPurchase"/>
  <testcase name="Sprint2_US186_TC1542" time="56.167" classname="sprint2.US186_EditManualPurchase"/>
  <testcase name="Sprint2_US186_TC1543" time="57.655" classname="sprint2.US186_EditManualPurchase"/>
  <testcase name="Sprint2_US186_TC1545" time="59.305" classname="sprint2.US186_EditManualPurchase"/>
  <testcase name="Sprint2_US186_TC1541" time="59.265" classname="sprint2.US186_EditManualPurchase"/>
  <testcase name="Sprint2_US186_TC411" time="58.269" classname="sprint2.US186_EditManualPurchase"/>
  <testcase name="Sprint2_US186_TC1547" time="87.509" classname="sprint2.US186_EditManualPurchase"/>
</testsuite> <!-- sprint2.US186_EditManualPurchase -->
