<?xml version="1.0" encoding="UTF-8"?>
<!-- Generated by org.testng.reporters.JUnitReportReporter -->
<testsuite hostname="DS-000000006173" name="sprint6.US461_ShowProductCategoryDollerAmountsOnAnElectronicInvoiceAndOnManualPurchaseDetailPage" tests="2" failures="0" timestamp="12 Oct 2015 17:24:44 GMT" time="125.444" errors="0">
  <testcase name="Sprint6_US461_TC1269" time="45.092" classname="sprint6.US461_ShowProductCategoryDollerAmountsOnAnElectronicInvoiceAndOnManualPurchaseDetailPage"/>
  <testcase name="Sprint6_US461_TC1271" time="80.352" classname="sprint6.US461_ShowProductCategoryDollerAmountsOnAnElectronicInvoiceAndOnManualPurchaseDetailPage"/>
</testsuite> <!-- sprint6.US461_ShowProductCategoryDollerAmountsOnAnElectronicInvoiceAndOnManualPurchaseDetailPage -->
