<?xml version="1.0" encoding="UTF-8"?>
<!-- Generated by org.testng.reporters.JUnitReportReporter -->
<testsuite hostname="DS-000000006173" name="sprint6.US460_SearchOnThePhysicalInventoryPageToShowSearchResultsForTheEntireListOfWRINs" tests="2" failures="0" timestamp="12 Oct 2015 17:24:45 GMT" time="132.278" errors="0">
  <testcase name="Sprint6_US460_TC1253" time="86.721" classname="sprint6.US460_SearchOnThePhysicalInventoryPageToShowSearchResultsForTheEntireListOfWRINs"/>
  <testcase name="Sprint6_US460_TC1252" time="45.557" classname="sprint6.US460_SearchOnThePhysicalInventoryPageToShowSearchResultsForTheEntireListOfWRINs"/>
</testsuite> <!-- sprint6.US460_SearchOnThePhysicalInventoryPageToShowSearchResultsForTheEntireListOfWRINs -->
