<?xml version="1.0" encoding="UTF-8"?>
<!-- Generated by org.testng.reporters.JUnitReportReporter -->
<testsuite hostname="DS-000000006173" name="purchasesBundle.US1912_PurchasesStoreLedgerBundleUserRoleAccess" tests="1" failures="0" timestamp="4 Mar 2016 12:11:19 GMT" time="140.753" errors="0">
  <testcase name="purchaseBundle_US1912_TC3415_Supervisor" time="140.753" classname="purchasesBundle.US1912_PurchasesStoreLedgerBundleUserRoleAccess"/>
</testsuite> <!-- purchasesBundle.US1912_PurchasesStoreLedgerBundleUserRoleAccess -->
