<?xml version="1.0" encoding="UTF-8"?>
<!-- Generated by org.testng.reporters.JUnitReportReporter -->
<testsuite hostname="DS-000000006173" name="sprint7.US425_WastePromoLandingPage" tests="1" failures="0" timestamp="16 Oct 2015 10:36:26 GMT" time="184.589" errors="0">
  <testcase name="Sprint7_US425_TC1743" time="184.589" classname="sprint7.US425_WastePromoLandingPage"/>
</testsuite> <!-- sprint7.US425_WastePromoLandingPage -->
