<?xml version="1.0" encoding="UTF-8"?>
<!-- Generated by org.testng.reporters.JUnitReportReporter -->
<testsuite hostname="DS-000000006173" name="menuItemActivityBundle.US602_ViewMenuItemInformation" tests="5" failures="0" timestamp="4 Apr 2016 10:08:09 GMT" time="482.747" errors="0">
  <testcase name="menuItemActivity_US602_TC1373" time="64.699" classname="menuItemActivityBundle.US602_ViewMenuItemInformation"/>
  <testcase name="menuItemActivity_US602_TC1458" time="92.872" classname="menuItemActivityBundle.US602_ViewMenuItemInformation"/>
  <testcase name="menuItemActivity_US602_TC1349" time="128.330" classname="menuItemActivityBundle.US602_ViewMenuItemInformation"/>
  <testcase name="menuItemActivity_US602_TC1351" time="80.620" classname="menuItemActivityBundle.US602_ViewMenuItemInformation"/>
  <testcase name="menuItemActivity_US602_TC1350" time="116.226" classname="menuItemActivityBundle.US602_ViewMenuItemInformation"/>
</testsuite> <!-- menuItemActivityBundle.US602_ViewMenuItemInformation -->
