<?xml version="1.0" encoding="UTF-8"?>
<!-- Generated by org.testng.reporters.JUnitReportReporter -->
<testsuite hostname="DS-000000006173" name="sprint3.US49_PhysicalInventoryManuallyEditInventoryCounts" tests="4" failures="0" timestamp="12 Oct 2015 17:24:44 GMT" time="541.084" errors="0">
  <testcase name="Sprint3_US49_TC2066" time="158.514" classname="sprint3.US49_PhysicalInventoryManuallyEditInventoryCounts"/>
  <testcase name="Sprint3_US49_TC2063" time="174.333" classname="sprint3.US49_PhysicalInventoryManuallyEditInventoryCounts"/>
  <testcase name="Sprint3_US49_TC2064" time="86.583" classname="sprint3.US49_PhysicalInventoryManuallyEditInventoryCounts"/>
  <testcase name="Sprint3_US49_TC2065" time="121.654" classname="sprint3.US49_PhysicalInventoryManuallyEditInventoryCounts"/>
</testsuite> <!-- sprint3.US49_PhysicalInventoryManuallyEditInventoryCounts -->
