<?xml version="1.0" encoding="UTF-8"?>
<!-- Generated by org.testng.reporters.JUnitReportReporter -->
<testsuite hostname="DS-000000006173" name="sprint7.US374_EnterRawPromo" tests="1" failures="0" timestamp="19 Oct 2015 10:33:34 GMT" time="92.160" errors="0">
  <testcase name="Sprint7_US374_TC1751" time="92.160" classname="sprint7.US374_EnterRawPromo"/>
</testsuite> <!-- sprint7.US374_EnterRawPromo -->
