<?xml version="1.0" encoding="UTF-8"?>
<!-- Generated by org.testng.reporters.JUnitReportReporter -->
<testsuite hostname="DS-000000006173" name="sprint2.US178_EnterAManualPurachase" tests="8" failures="0" timestamp="12 Oct 2015 17:24:44 GMT" time="418.295" errors="0">
  <testcase name="Sprint2_US178_TC399" time="51.600" classname="sprint2.US178_EnterAManualPurachase"/>
  <testcase name="Sprint2_US178_TC403" time="52.673" classname="sprint2.US178_EnterAManualPurachase"/>
  <testcase name="Sprint2_US178_TC397" time="42.750" classname="sprint2.US178_EnterAManualPurachase"/>
  <testcase name="Sprint2_US178_TC400" time="56.212" classname="sprint2.US178_EnterAManualPurachase"/>
  <testcase name="Sprint2_US178_TC398" time="56.455" classname="sprint2.US178_EnterAManualPurachase"/>
  <testcase name="Sprint2_US178_TC401" time="65.854" classname="sprint2.US178_EnterAManualPurachase"/>
  <testcase name="Sprint2_US178_TC402" time="59.919" classname="sprint2.US178_EnterAManualPurachase"/>
  <testcase name="Sprint2_US178_TC393" time="32.832" classname="sprint2.US178_EnterAManualPurachase"/>
</testsuite> <!-- sprint2.US178_EnterAManualPurachase -->
