<?xml version="1.0" encoding="UTF-8"?>
<!-- Generated by org.testng.reporters.JUnitReportReporter -->
<testsuite hostname="DS-000000006173" name="sprint2.US367_EnterRawWaste" tests="1" failures="0" timestamp="13 Jul 2015 09:27:18 GMT" time="42.131" errors="0">
  <testcase name="Sprint2_US367_TC455" time="42.131" classname="sprint2.US367_EnterRawWaste"/>
</testsuite> <!-- sprint2.US367_EnterRawWaste -->
