<?xml version="1.0" encoding="UTF-8"?>
<!-- Generated by org.testng.reporters.JUnitReportReporter -->
<testsuite hostname="DS-000000006173" name="promotionAndWasteBundle.US1438_AutoSaveImplementResurrectionBehavior" tests="1" failures="0" timestamp="25 Feb 2016 10:39:59 GMT" time="167.074" errors="0">
  <testcase name="pramotionWaste_US1438_TC3232" time="167.074" classname="promotionAndWasteBundle.US1438_AutoSaveImplementResurrectionBehavior"/>
</testsuite> <!-- promotionAndWasteBundle.US1438_AutoSaveImplementResurrectionBehavior -->
