<?xml version="1.0" encoding="UTF-8"?>
<!-- Generated by org.testng.reporters.JUnitReportReporter -->
<testsuite hostname="DS-000000006173" name="purchasesBundle.US909_InvoiceNumbersOnThePendingPurchaseAndPurchaseHistorylist" tests="1" failures="0" timestamp="14 Apr 2016 09:44:27 GMT" time="114.557" errors="0">
  <testcase name="purchaseBundle_US909_TC3527" time="114.557" classname="purchasesBundle.US909_InvoiceNumbersOnThePendingPurchaseAndPurchaseHistorylist"/>
</testsuite> <!-- purchasesBundle.US909_InvoiceNumbersOnThePendingPurchaseAndPurchaseHistorylist -->
