<?xml version="1.0" encoding="UTF-8"?>
<!-- Generated by org.testng.reporters.JUnitReportReporter -->
<testsuite hostname="DS-000000006173" name="sprint8.US825_ManualPurchaseVendorsRestrictAbilityToAddOrEditDuplicateVendor" tests="5" failures="0" timestamp="12 Oct 2015 17:24:44 GMT" time="219.750" errors="0">
  <testcase name="sprint8_US825_TC1569" time="37.217" classname="sprint8.US825_ManualPurchaseVendorsRestrictAbilityToAddOrEditDuplicateVendor"/>
  <testcase name="sprint8_US825_TC1566" time="35.951" classname="sprint8.US825_ManualPurchaseVendorsRestrictAbilityToAddOrEditDuplicateVendor"/>
  <testcase name="sprint8_US825_TC1567" time="56.710" classname="sprint8.US825_ManualPurchaseVendorsRestrictAbilityToAddOrEditDuplicateVendor"/>
  <testcase name="sprint8_US825_TC1568" time="43.944" classname="sprint8.US825_ManualPurchaseVendorsRestrictAbilityToAddOrEditDuplicateVendor"/>
  <testcase name="sprint8_US825_TC1577" time="45.928" classname="sprint8.US825_ManualPurchaseVendorsRestrictAbilityToAddOrEditDuplicateVendor"/>
</testsuite> <!-- sprint8.US825_ManualPurchaseVendorsRestrictAbilityToAddOrEditDuplicateVendor -->
