<?xml version="1.0" encoding="UTF-8"?>
<!-- Generated by org.testng.reporters.JUnitReportReporter -->
<testsuite hostname="DS-000000006173" name="sprint10.US1046_AbilityToRestoreDeletedInvoicesManualVendorsAndCustomLists" tests="2" failures="1" timestamp="12 Oct 2015 17:24:44 GMT" time="202.029" errors="0">
  <testcase name="sprint10_US1046_TC1800" time="72.925" classname="sprint10.US1046_AbilityToRestoreDeletedInvoicesManualVendorsAndCustomLists"/>
  <testcase name="sprint10_US1046_TC1798" time="129.104" classname="sprint10.US1046_AbilityToRestoreDeletedInvoicesManualVendorsAndCustomLists">
    <failure type="org.openqa.selenium.TimeoutException" message="Timed out after 60 seconds waiting for visibility of [[ChromeDriver: chrome on XP (fe71f90136bb393b5f81ed77a89e6819)] -&gt; xpath: //div[@id=&#039;mm-3&#039;]//a[@class=&#039;mm-btn mm-prev&#039; ]]
Build info: version: &#039;2.45.0&#039;, revision: &#039;32a636c&#039;, time: &#039;2015-03-05 22:01:35&#039;
System info: host: &#039;DS-000000006173&#039;, ip: &#039;10.112.78.73&#039;, os.name: &#039;Windows 7&#039;, os.arch: &#039;x86&#039;, os.version: &#039;6.1&#039;, java.version: &#039;1.7.0_60&#039;
Session ID: fe71f90136bb393b5f81ed77a89e6819
Driver info: org.openqa.selenium.chrome.ChromeDriver
Capabilities [{platform=XP, acceptSslCerts=true, javascriptEnabled=true, browserName=chrome, chrome={userDataDir=C:\Users\shyam_g\AppData\Local\Temp\scoped_dir4308_6233}, rotatable=false, locationContextEnabled=true, mobileEmulationEnabled=false, version=47.0.2526.8, takesHeapSnapshot=true, cssSelectorsEnabled=true, databaseEnabled=false, handlesAlerts=true, browserConnectionEnabled=false, webStorageEnabled=true, nativeEvents=true, hasTouchScreen=false, applicationCacheEnabled=false, takesScreenshot=true}]">
      <![CDATA[org.openqa.selenium.TimeoutException: Timed out after 60 seconds waiting for visibility of [[ChromeDriver: chrome on XP (fe71f90136bb393b5f81ed77a89e6819)] -> xpath: //div[@id='mm-3']//a[@class='mm-btn mm-prev' ]]
Build info: version: '2.45.0', revision: '32a636c', time: '2015-03-05 22:01:35'
System info: host: 'DS-000000006173', ip: '10.112.78.73', os.name: 'Windows 7', os.arch: 'x86', os.version: '6.1', java.version: '1.7.0_60'
Session ID: fe71f90136bb393b5f81ed77a89e6819
Driver info: org.openqa.selenium.chrome.ChromeDriver
Capabilities [{platform=XP, acceptSslCerts=true, javascriptEnabled=true, browserName=chrome, chrome={userDataDir=C:\Users\shyam_g\AppData\Local\Temp\scoped_dir4308_6233}, rotatable=false, locationContextEnabled=true, mobileEmulationEnabled=false, version=47.0.2526.8, takesHeapSnapshot=true, cssSelectorsEnabled=true, databaseEnabled=false, handlesAlerts=true, browserConnectionEnabled=false, webStorageEnabled=true, nativeEvents=true, hasTouchScreen=false, applicationCacheEnabled=false, takesScreenshot=true}]
	at org.openqa.selenium.support.ui.WebDriverWait.timeoutException(WebDriverWait.java:79)
	at org.openqa.selenium.support.ui.FluentWait.until(FluentWait.java:228)
	at eInventoryPageClasses.AbstractPage.goBackToInventoryManagementMenu(AbstractPage.java:223)
	at sprint10.US1046_AbilityToRestoreDeletedInvoicesManualVendorsAndCustomLists.sprint10_US1046_TC1798(US1046_AbilityToRestoreDeletedInvoicesManualVendorsAndCustomLists.java:93)
	at sun.reflect.NativeMethodAccessorImpl.invoke0(Native Method)
	at sun.reflect.NativeMethodAccessorImpl.invoke(Unknown Source)
	at sun.reflect.DelegatingMethodAccessorImpl.invoke(Unknown Source)
	at java.lang.reflect.Method.invoke(Unknown Source)
	at org.testng.internal.MethodInvocationHelper.invokeMethod(MethodInvocationHelper.java:84)
	at org.testng.internal.Invoker.invokeMethod(Invoker.java:714)
	at org.testng.internal.Invoker.invokeTestMethod(Invoker.java:901)
	at org.testng.internal.Invoker.invokeTestMethods(Invoker.java:1231)
	at org.testng.internal.TestMethodWorker.invokeTestMethods(TestMethodWorker.java:127)
	at org.testng.internal.TestMethodWorker.run(TestMethodWorker.java:111)
	at org.testng.TestRunner.privateRun(TestRunner.java:767)
	at org.testng.TestRunner.run(TestRunner.java:617)
	at org.testng.SuiteRunner.runTest(SuiteRunner.java:334)
	at org.testng.SuiteRunner.runSequentially(SuiteRunner.java:329)
	at org.testng.SuiteRunner.privateRun(SuiteRunner.java:291)
	at org.testng.SuiteRunner.run(SuiteRunner.java:240)
	at org.testng.SuiteRunnerWorker.runSuite(SuiteRunnerWorker.java:52)
	at org.testng.SuiteRunnerWorker.run(SuiteRunnerWorker.java:86)
	at org.testng.TestNG.runSuitesSequentially(TestNG.java:1224)
	at org.testng.TestNG.runSuitesLocally(TestNG.java:1149)
	at org.testng.TestNG.run(TestNG.java:1057)
	at org.testng.remote.RemoteTestNG.run(RemoteTestNG.java:111)
	at org.testng.remote.RemoteTestNG.initAndRun(RemoteTestNG.java:204)
	at org.testng.remote.RemoteTestNG.main(RemoteTestNG.java:175)
]]>
    </failure>
  </testcase> <!-- sprint10_US1046_TC1798 -->
</testsuite> <!-- sprint10.US1046_AbilityToRestoreDeletedInvoicesManualVendorsAndCustomLists -->
