<?xml version="1.0" encoding="UTF-8"?>
<!-- Generated by org.testng.reporters.JUnitReportReporter -->
<testsuite hostname="DS-000000006173" name="sprint2.US12_PhysicalInventoryRawItemsThatMayNotHaveOuterPackInnerPackOrLooseUnit" tests="1" failures="0" timestamp="12 Oct 2015 17:24:44 GMT" time="92.945" errors="0">
  <testcase name="sprint2_US12_TC1846" time="92.945" classname="sprint2.US12_PhysicalInventoryRawItemsThatMayNotHaveOuterPackInnerPackOrLooseUnit"/>
</testsuite> <!-- sprint2.US12_PhysicalInventoryRawItemsThatMayNotHaveOuterPackInnerPackOrLooseUnit -->
