<?xml version="1.0" encoding="UTF-8"?>
<!-- Generated by org.testng.reporters.JUnitReportReporter -->
<testsuite hostname="DS-000000006173" name="manualVendorBundle.US1890_ManualVendorBundleUserRoleAccess" tests="4" failures="0" timestamp="31 Mar 2016 12:46:14 GMT" time="318.700" errors="0">
  <testcase name="manualVendor_US1890_TC3058_Supervisor" time="76.981" classname="manualVendorBundle.US1890_ManualVendorBundleUserRoleAccess"/>
  <testcase name="manualVendor_US1890_TC3058_OrgAdmin" time="80.703" classname="manualVendorBundle.US1890_ManualVendorBundleUserRoleAccess"/>
  <testcase name="manualVendor_US1890_TC3058_Operator" time="79.407" classname="manualVendorBundle.US1890_ManualVendorBundleUserRoleAccess"/>
  <testcase name="manualVendor_US1890_TC3058_SupervisorWithRoleAssignment" time="81.609" classname="manualVendorBundle.US1890_ManualVendorBundleUserRoleAccess"/>
</testsuite> <!-- manualVendorBundle.US1890_ManualVendorBundleUserRoleAccess -->
